<?xml version="1.0" encoding="UTF-8"?>
<testsuite xmlns:xsi="http://www.w3.org/2001/XMLSchema-instance" xsi:noNamespaceSchemaLocation="https://maven.apache.org/surefire/maven-failsafe-plugin/xsd/failsafe-test-report-3.0.xsd" version="3.0" name="runner.Runner" time="11.903" tests="1" errors="0" skipped="0" failures="1">
  <properties>
    <property name="sun.desktop" value="windows"/>
    <property name="awt.toolkit" value="sun.awt.windows.WToolkit"/>
    <property name="file.encoding.pkg" value="sun.io"/>
    <property name="java.specification.version" value="1.8"/>
    <property name="sun.cpu.isalist" value="amd64"/>
    <property name="sun.jnu.encoding" value="Cp1252"/>
    <property name="java.class.path" value="C:\AutomacaoPOC\target\test-classes;C:\AutomacaoPOC\target\core-3.3.0.jar;C:\Users\marci\.m2\repository\com\github\rubens1287\OSSRH-49857\1.1\OSSRH-49857-1.1.jar;C:\Users\marci\.m2\repository\com\epam\reportportal\agent-java-cucumber4\4.0.0\agent-java-cucumber4-4.0.0.jar;C:\Users\marci\.m2\repository\com\epam\reportportal\client-java\4.0.4\client-java-4.0.4.jar;C:\Users\marci\.m2\repository\com\fasterxml\jackson\core\jackson-databind\2.8.10\jackson-databind-2.8.10.jar;C:\Users\marci\.m2\repository\com\fasterxml\jackson\core\jackson-core\2.8.10\jackson-core-2.8.10.jar;C:\Users\marci\.m2\repository\com\fasterxml\jackson\core\jackson-annotations\2.8.10\jackson-annotations-2.8.10.jar;C:\Users\marci\.m2\repository\io\reactivex\rxjava2\rxjava\2.1.6\rxjava-2.1.6.jar;C:\Users\marci\.m2\repository\org\reactivestreams\reactive-streams\1.0.1\reactive-streams-1.0.1.jar;C:\Users\marci\.m2\repository\org\apache\tika\tika-core\1.4\tika-core-1.4.jar;C:\Users\marci\.m2\repository\com\epam\reportportal\commons-model\4.0.3\commons-model-4.0.3.jar;C:\Users\marci\.m2\repository\io\swagger\swagger-annotations\1.5.13\swagger-annotations-1.5.13.jar;C:\Users\marci\.m2\repository\javax\validation\validation-api\1.1.0.Final\validation-api-1.1.0.Final.jar;C:\Users\marci\.m2\repository\com\github\yunusmete\stf\openstf-java-client\1.0\openstf-java-client-1.0.jar;C:\Users\marci\.m2\repository\com\squareup\retrofit\retrofit\1.9.0\retrofit-1.9.0.jar;C:\Users\marci\.m2\repository\com\squareup\okhttp\okhttp\2.7.2\okhttp-2.7.2.jar;C:\Users\marci\.m2\repository\junit\junit\4.12\junit-4.12.jar;C:\Users\marci\.m2\repository\org\apache\poi\poi-ooxml\3.17\poi-ooxml-3.17.jar;C:\Users\marci\.m2\repository\org\apache\poi\poi\3.17\poi-3.17.jar;C:\Users\marci\.m2\repository\org\apache\commons\commons-collections4\4.1\commons-collections4-4.1.jar;C:\Users\marci\.m2\repository\org\apache\poi\poi-ooxml-schemas\3.17\poi-ooxml-schemas-3.17.jar;C:\Users\marci\.m2\repository\org\apache\xmlbeans\xmlbeans\2.6.0\xmlbeans-2.6.0.jar;C:\Users\marci\.m2\repository\stax\stax-api\1.0.1\stax-api-1.0.1.jar;C:\Users\marci\.m2\repository\com\github\virtuald\curvesapi\1.04\curvesapi-1.04.jar;C:\Users\marci\.m2\repository\com\paulhammant\ngwebdriver\1.1.3\ngwebdriver-1.1.3.jar;C:\Users\marci\.m2\repository\org\sonarsource\scanner\maven\sonar-maven-plugin\3.2\sonar-maven-plugin-3.2.jar;C:\Users\marci\.m2\repository\org\apache\maven\shared\maven-dependency-tree\2.2\maven-dependency-tree-2.2.jar;C:\Users\marci\.m2\repository\org\codehaus\plexus\plexus-component-annotations\1.5.5\plexus-component-annotations-1.5.5.jar;C:\Users\marci\.m2\repository\org\eclipse\aether\aether-util\0.9.0.M2\aether-util-0.9.0.M2.jar;C:\Users\marci\.m2\repository\org\sonatype\plexus\plexus-sec-dispatcher\1.4\plexus-sec-dispatcher-1.4.jar;C:\Users\marci\.m2\repository\org\sonatype\plexus\plexus-cipher\1.4\plexus-cipher-1.4.jar;C:\Users\marci\.m2\repository\org\codehaus\plexus\plexus-utils\3.0.22\plexus-utils-3.0.22.jar;C:\Users\marci\.m2\repository\org\sonarsource\scanner\api\sonar-scanner-api\2.8\sonar-scanner-api-2.8.jar;C:\Users\marci\.m2\repository\commons-lang\commons-lang\2.6\commons-lang-2.6.jar;C:\Users\marci\.m2\repository\com\google\code\findbugs\jsr305\2.0.3\jsr305-2.0.3.jar;C:\Users\marci\.m2\repository\com\sikulix\sikulixapi\1.1.1\sikulixapi-1.1.1.jar;C:\Users\marci\.m2\repository\commons-cli\commons-cli\1.2\commons-cli-1.2.jar;C:\Users\marci\.m2\repository\org\apache\commons\commons-exec\1.3\commons-exec-1.3.jar;C:\Users\marci\.m2\repository\com\melloware\jintellitype\1.3.9\jintellitype-1.3.9.jar;C:\Users\marci\.m2\repository\com\nativelibs4java\bridj\0.7.0\bridj-0.7.0.jar;C:\Users\marci\.m2\repository\com\google\android\tools\dx\1.7\dx-1.7.jar;C:\Users\marci\.m2\repository\com\sikulix\sikulixlibswin\1.1.1\sikulixlibswin-1.1.1.jar;C:\Users\marci\.m2\repository\com\sikulix\sikulix1tigervnc\1.1.1\sikulix1tigervnc-1.1.1.jar;C:\Users\marci\.m2\repository\net\sourceforge\tess4j\tess4j\4.0.2\tess4j-4.0.2.jar;C:\Users\marci\.m2\repository\net\java\dev\jna\jna\4.1.0\jna-4.1.0.jar;C:\Users\marci\.m2\repository\com\github\jai-imageio\jai-imageio-core\1.4.0\jai-imageio-core-1.4.0.jar;C:\Users\marci\.m2\repository\org\ghost4j\ghost4j\1.0.1\ghost4j-1.0.1.jar;C:\Users\marci\.m2\repository\log4j\log4j\1.2.17\log4j-1.2.17.jar;C:\Users\marci\.m2\repository\commons-beanutils\commons-beanutils\1.9.2\commons-beanutils-1.9.2.jar;C:\Users\marci\.m2\repository\org\apache\xmlgraphics\xmlgraphics-commons\1.4\xmlgraphics-commons-1.4.jar;C:\Users\marci\.m2\repository\com\lowagie\itext\2.1.7\itext-2.1.7.jar;C:\Users\marci\.m2\repository\org\apache\pdfbox\pdfbox\2.0.9\pdfbox-2.0.9.jar;C:\Users\marci\.m2\repository\org\apache\pdfbox\fontbox\2.0.9\fontbox-2.0.9.jar;C:\Users\marci\.m2\repository\org\apache\pdfbox\pdfbox-tools\2.0.9\pdfbox-tools-2.0.9.jar;C:\Users\marci\.m2\repository\org\apache\pdfbox\pdfbox-debugger\2.0.9\pdfbox-debugger-2.0.9.jar;C:\Users\marci\.m2\repository\org\apache\pdfbox\jbig2-imageio\3.0.0\jbig2-imageio-3.0.0.jar;C:\Users\marci\.m2\repository\commons-io\commons-io\2.6\commons-io-2.6.jar;C:\Users\marci\.m2\repository\net\sourceforge\lept4j\lept4j\1.9.4\lept4j-1.9.4.jar;C:\Users\marci\.m2\repository\org\jboss\jboss-vfs\3.2.12.Final\jboss-vfs-3.2.12.Final.jar;C:\Users\marci\.m2\repository\org\jboss\logging\jboss-logging\3.1.4.GA\jboss-logging-3.1.4.GA.jar;C:\Users\marci\.m2\repository\ch\qos\logback\logback-classic\1.2.3\logback-classic-1.2.3.jar;C:\Users\marci\.m2\repository\ch\qos\logback\logback-core\1.2.3\logback-core-1.2.3.jar;C:\Users\marci\.m2\repository\org\slf4j\jul-to-slf4j\1.7.25\jul-to-slf4j-1.7.25.jar;C:\Users\marci\.m2\repository\org\slf4j\jcl-over-slf4j\1.7.25\jcl-over-slf4j-1.7.25.jar;C:\Users\marci\.m2\repository\org\slf4j\log4j-over-slf4j\1.7.25\log4j-over-slf4j-1.7.25.jar;C:\Users\marci\.m2\repository\com\aventstack\extentreports\3.1.5\extentreports-3.1.5.jar;C:\Users\marci\.m2\repository\org\freemarker\freemarker\2.3.23\freemarker-2.3.23.jar;C:\Users\marci\.m2\repository\org\mongodb\mongodb-driver\3.3.0\mongodb-driver-3.3.0.jar;C:\Users\marci\.m2\repository\org\mongodb\bson\3.3.0\bson-3.3.0.jar;C:\Users\marci\.m2\repository\org\mongodb\mongodb-driver-core\3.3.0\mongodb-driver-core-3.3.0.jar;C:\Users\marci\.m2\repository\org\apache\httpcomponents\httpclient\4.5.2\httpclient-4.5.2.jar;C:\Users\marci\.m2\repository\org\apache\httpcomponents\httpmime\4.5.2\httpmime-4.5.2.jar;C:\Users\marci\.m2\repository\org\jsoup\jsoup\1.9.2\jsoup-1.9.2.jar;C:\Users\marci\.m2\repository\com\google\code\gson\gson\2.8.0\gson-2.8.0.jar;C:\Users\marci\.m2\repository\org\postgresql\postgresql\42.2.2\postgresql-42.2.2.jar;C:\Users\marci\.m2\repository\mysql\mysql-connector-java\8.0.11\mysql-connector-java-8.0.11.jar;C:\Users\marci\.m2\repository\com\google\protobuf\protobuf-java\2.6.0\protobuf-java-2.6.0.jar;C:\Users\marci\.m2\repository\com\github\2gis\winium\winium-webdriver\0.1.0-1\winium-webdriver-0.1.0-1.jar;C:\Users\marci\.m2\repository\com\github\2gis\winium\winium-elements-desktop\0.2.0-1\winium-elements-desktop-0.2.0-1.jar;C:\Users\marci\.m2\repository\com\github\javafaker\javafaker\0.16\javafaker-0.16.jar;C:\Users\marci\.m2\repository\org\apache\commons\commons-lang3\3.5\commons-lang3-3.5.jar;C:\Users\marci\.m2\repository\org\yaml\snakeyaml\1.20\snakeyaml-1.20-android.jar;C:\Users\marci\.m2\repository\com\github\mifmif\generex\1.0.2\generex-1.0.2.jar;C:\Users\marci\.m2\repository\dk\brics\automaton\automaton\1.11-8\automaton-1.11-8.jar;C:\Users\marci\.m2\repository\io\appium\java-client\6.1.0\java-client-6.1.0.jar;C:\Users\marci\.m2\repository\org\seleniumhq\selenium\selenium-support\3.12.0\selenium-support-3.12.0.jar;C:\Users\marci\.m2\repository\org\seleniumhq\selenium\selenium-api\3.12.0\selenium-api-3.12.0.jar;C:\Users\marci\.m2\repository\cglib\cglib\3.2.6\cglib-3.2.6.jar;C:\Users\marci\.m2\repository\org\ow2\asm\asm\6.0\asm-6.0.jar;C:\Users\marci\.m2\repository\org\apache\ant\ant\1.9.6\ant-1.9.6.jar;C:\Users\marci\.m2\repository\org\apache\ant\ant-launcher\1.9.6\ant-launcher-1.9.6.jar;C:\Users\marci\.m2\repository\commons-validator\commons-validator\1.6\commons-validator-1.6.jar;C:\Users\marci\.m2\repository\commons-digester\commons-digester\1.8.1\commons-digester-1.8.1.jar;C:\Users\marci\.m2\repository\commons-collections\commons-collections\3.2.2\commons-collections-3.2.2.jar;C:\Users\marci\.m2\repository\org\springframework\spring-context\5.0.5.RELEASE\spring-context-5.0.5.RELEASE.jar;C:\Users\marci\.m2\repository\org\springframework\spring-aop\5.0.5.RELEASE\spring-aop-5.0.5.RELEASE.jar;C:\Users\marci\.m2\repository\org\springframework\spring-beans\5.0.5.RELEASE\spring-beans-5.0.5.RELEASE.jar;C:\Users\marci\.m2\repository\org\springframework\spring-core\5.0.5.RELEASE\spring-core-5.0.5.RELEASE.jar;C:\Users\marci\.m2\repository\org\springframework\spring-jcl\5.0.5.RELEASE\spring-jcl-5.0.5.RELEASE.jar;C:\Users\marci\.m2\repository\org\springframework\spring-expression\5.0.5.RELEASE\spring-expression-5.0.5.RELEASE.jar;C:\Users\marci\.m2\repository\org\aspectj\aspectjweaver\1.9.1\aspectjweaver-1.9.1.jar;C:\Users\marci\.m2\repository\org\openpnp\opencv\3.2.0-1\opencv-3.2.0-1.jar;C:\Users\marci\.m2\repository\io\rest-assured\rest-assured\3.1.1\rest-assured-3.1.1.jar;C:\Users\marci\.m2\repository\org\codehaus\groovy\groovy\2.4.12\groovy-2.4.12.jar;C:\Users\marci\.m2\repository\org\codehaus\groovy\groovy-xml\2.4.12\groovy-xml-2.4.12.jar;C:\Users\marci\.m2\repository\org\hamcrest\hamcrest-core\1.3\hamcrest-core-1.3.jar;C:\Users\marci\.m2\repository\org\hamcrest\hamcrest-library\1.3\hamcrest-library-1.3.jar;C:\Users\marci\.m2\repository\org\ccil\cowan\tagsoup\tagsoup\1.2.1\tagsoup-1.2.1.jar;C:\Users\marci\.m2\repository\io\rest-assured\json-path\3.1.1\json-path-3.1.1.jar;C:\Users\marci\.m2\repository\org\codehaus\groovy\groovy-json\2.4.12\groovy-json-2.4.12.jar;C:\Users\marci\.m2\repository\io\rest-assured\rest-assured-common\3.1.1\rest-assured-common-3.1.1.jar;C:\Users\marci\.m2\repository\io\rest-assured\xml-path\3.1.1\xml-path-3.1.1.jar;C:\Users\marci\.m2\repository\javax\xml\bind\jaxb-api\2.2.12\jaxb-api-2.2.12.jar;C:\Users\marci\.m2\repository\io\rest-assured\json-schema-validator\3.1.1\json-schema-validator-3.1.1.jar;C:\Users\marci\.m2\repository\com\github\fge\json-schema-validator\2.2.6\json-schema-validator-2.2.6.jar;C:\Users\marci\.m2\repository\com\googlecode\libphonenumber\libphonenumber\6.2\libphonenumber-6.2.jar;C:\Users\marci\.m2\repository\com\github\fge\json-schema-core\1.2.5\json-schema-core-1.2.5.jar;C:\Users\marci\.m2\repository\org\mozilla\rhino\1.7R4\rhino-1.7R4.jar;C:\Users\marci\.m2\repository\com\github\fge\jackson-coreutils\1.8\jackson-coreutils-1.8.jar;C:\Users\marci\.m2\repository\com\github\fge\msg-simple\1.1\msg-simple-1.1.jar;C:\Users\marci\.m2\repository\com\github\fge\btf\1.2\btf-1.2.jar;C:\Users\marci\.m2\repository\com\github\fge\uri-template\0.9\uri-template-0.9.jar;C:\Users\marci\.m2\repository\net\sf\jopt-simple\jopt-simple\4.6\jopt-simple-4.6.jar;C:\Users\marci\.m2\repository\joda-time\joda-time\2.3\joda-time-2.3.jar;C:\Users\marci\.m2\repository\javax\mail\mailapi\1.4.3\mailapi-1.4.3.jar;C:\Users\marci\.m2\repository\javax\activation\activation\1.1\activation-1.1.jar;C:\Users\marci\.m2\repository\org\testng\testng\6.14.3\testng-6.14.3.jar;C:\Users\marci\.m2\repository\com\beust\jcommander\1.72\jcommander-1.72.jar;C:\Users\marci\.m2\repository\org\apache-extras\beanshell\bsh\2.0b6\bsh-2.0b6.jar;C:\Users\marci\.m2\repository\io\cucumber\cucumber-java\4.2.6\cucumber-java-4.2.6.jar;C:\Users\marci\.m2\repository\io\cucumber\cucumber-core\4.2.6\cucumber-core-4.2.6.jar;C:\Users\marci\.m2\repository\io\cucumber\cucumber-html\0.2.7\cucumber-html-0.2.7.jar;C:\Users\marci\.m2\repository\io\cucumber\gherkin\5.1.0\gherkin-5.1.0.jar;C:\Users\marci\.m2\repository\io\cucumber\tag-expressions\1.1.1\tag-expressions-1.1.1.jar;C:\Users\marci\.m2\repository\io\cucumber\cucumber-expressions\6.2.0\cucumber-expressions-6.2.0.jar;C:\Users\marci\.m2\repository\io\cucumber\datatable\1.1.12\datatable-1.1.12.jar;C:\Users\marci\.m2\repository\io\cucumber\datatable-dependencies\1.1.12\datatable-dependencies-1.1.12.jar;C:\Users\marci\.m2\repository\io\cucumber\cucumber-testng\4.2.6\cucumber-testng-4.2.6.jar;C:\Users\marci\.m2\repository\org\jetbrains\annotations\19.0.0\annotations-19.0.0.jar;C:\Users\marci\.m2\repository\org\apache\maven\maven-model\3.3.9\maven-model-3.3.9.jar;C:\Users\marci\.m2\repository\com\jcraft\jsch\0.1.54\jsch-0.1.54.jar;C:\Users\marci\.m2\repository\commons-net\commons-net\3.6\commons-net-3.6.jar;C:\Users\marci\.m2\repository\org\seleniumhq\selenium\selenium-java\3.12.0\selenium-java-3.12.0.jar;C:\Users\marci\.m2\repository\org\seleniumhq\selenium\selenium-chrome-driver\3.12.0\selenium-chrome-driver-3.12.0.jar;C:\Users\marci\.m2\repository\org\seleniumhq\selenium\selenium-edge-driver\3.12.0\selenium-edge-driver-3.12.0.jar;C:\Users\marci\.m2\repository\org\seleniumhq\selenium\selenium-firefox-driver\3.12.0\selenium-firefox-driver-3.12.0.jar;C:\Users\marci\.m2\repository\org\seleniumhq\selenium\selenium-ie-driver\3.12.0\selenium-ie-driver-3.12.0.jar;C:\Users\marci\.m2\repository\org\seleniumhq\selenium\selenium-opera-driver\3.12.0\selenium-opera-driver-3.12.0.jar;C:\Users\marci\.m2\repository\org\seleniumhq\selenium\selenium-remote-driver\3.12.0\selenium-remote-driver-3.12.0.jar;C:\Users\marci\.m2\repository\org\seleniumhq\selenium\selenium-safari-driver\3.12.0\selenium-safari-driver-3.12.0.jar;C:\Users\marci\.m2\repository\net\bytebuddy\byte-buddy\1.8.3\byte-buddy-1.8.3.jar;C:\Users\marci\.m2\repository\commons-codec\commons-codec\1.10\commons-codec-1.10.jar;C:\Users\marci\.m2\repository\commons-logging\commons-logging\1.2\commons-logging-1.2.jar;C:\Users\marci\.m2\repository\com\google\guava\guava\23.6-jre\guava-23.6-jre.jar;C:\Users\marci\.m2\repository\org\checkerframework\checker-compat-qual\2.0.0\checker-compat-qual-2.0.0.jar;C:\Users\marci\.m2\repository\com\google\errorprone\error_prone_annotations\2.1.3\error_prone_annotations-2.1.3.jar;C:\Users\marci\.m2\repository\com\google\j2objc\j2objc-annotations\1.1\j2objc-annotations-1.1.jar;C:\Users\marci\.m2\repository\org\codehaus\mojo\animal-sniffer-annotations\1.14\animal-sniffer-annotations-1.14.jar;C:\Users\marci\.m2\repository\org\apache\httpcomponents\httpcore\4.4.6\httpcore-4.4.6.jar;C:\Users\marci\.m2\repository\com\squareup\okhttp3\okhttp\3.9.1\okhttp-3.9.1.jar;C:\Users\marci\.m2\repository\com\squareup\okio\okio\1.13.0\okio-1.13.0.jar;C:\Users\marci\.m2\repository\io\github\bonigarcia\webdrivermanager\3.6.0\webdrivermanager-3.6.0.jar;C:\Users\marci\.m2\repository\org\slf4j\slf4j-api\1.7.25\slf4j-api-1.7.25.jar;C:\Users\marci\.m2\repository\org\rauschig\jarchivelib\1.0.0\jarchivelib-1.0.0.jar;C:\Users\marci\.m2\repository\org\apache\commons\commons-compress\1.18\commons-compress-1.18.jar;C:\Users\marci\.m2\repository\io\cucumber\cucumber-picocontainer\4.2.6\cucumber-picocontainer-4.2.6.jar;C:\Users\marci\.m2\repository\org\picocontainer\picocontainer\2.15\picocontainer-2.15.jar;"/>
    <property name="java.vm.vendor" value="Oracle Corporation"/>
    <property name="sun.arch.data.model" value="64"/>
    <property name="user.variant" value=""/>
    <property name="java.vendor.url" value="http://java.oracle.com/"/>
    <property name="user.timezone" value="America/Sao_Paulo"/>
    <property name="java.vm.specification.version" value="1.8"/>
    <property name="os.name" value="Windows 10"/>
    <property name="user.country" value="BR"/>
    <property name="sun.java.launcher" value="SUN_STANDARD"/>
    <property name="sun.boot.library.path" value="C:\Program Files\Java\jdk1.8.0_231\jre\bin"/>
    <property name="sun.java.command" value="C:\Users\marci\AppData\Local\Temp\surefire6470735671645311265\surefirebooter8165937462805287148.jar C:\Users\marci\AppData\Local\Temp\surefire6470735671645311265 2020-03-15T16-55-33_336-jvmRun1 surefire1131968300168129351tmp surefire_05841541198732244569tmp"/>
    <property name="surefire.test.class.path" value="C:\AutomacaoPOC\target\test-classes;C:\AutomacaoPOC\target\core-3.3.0.jar;C:\Users\marci\.m2\repository\com\github\rubens1287\OSSRH-49857\1.1\OSSRH-49857-1.1.jar;C:\Users\marci\.m2\repository\com\epam\reportportal\agent-java-cucumber4\4.0.0\agent-java-cucumber4-4.0.0.jar;C:\Users\marci\.m2\repository\com\epam\reportportal\client-java\4.0.4\client-java-4.0.4.jar;C:\Users\marci\.m2\repository\com\fasterxml\jackson\core\jackson-databind\2.8.10\jackson-databind-2.8.10.jar;C:\Users\marci\.m2\repository\com\fasterxml\jackson\core\jackson-core\2.8.10\jackson-core-2.8.10.jar;C:\Users\marci\.m2\repository\com\fasterxml\jackson\core\jackson-annotations\2.8.10\jackson-annotations-2.8.10.jar;C:\Users\marci\.m2\repository\io\reactivex\rxjava2\rxjava\2.1.6\rxjava-2.1.6.jar;C:\Users\marci\.m2\repository\org\reactivestreams\reactive-streams\1.0.1\reactive-streams-1.0.1.jar;C:\Users\marci\.m2\repository\org\apache\tika\tika-core\1.4\tika-core-1.4.jar;C:\Users\marci\.m2\repository\com\epam\reportportal\commons-model\4.0.3\commons-model-4.0.3.jar;C:\Users\marci\.m2\repository\io\swagger\swagger-annotations\1.5.13\swagger-annotations-1.5.13.jar;C:\Users\marci\.m2\repository\javax\validation\validation-api\1.1.0.Final\validation-api-1.1.0.Final.jar;C:\Users\marci\.m2\repository\com\github\yunusmete\stf\openstf-java-client\1.0\openstf-java-client-1.0.jar;C:\Users\marci\.m2\repository\com\squareup\retrofit\retrofit\1.9.0\retrofit-1.9.0.jar;C:\Users\marci\.m2\repository\com\squareup\okhttp\okhttp\2.7.2\okhttp-2.7.2.jar;C:\Users\marci\.m2\repository\junit\junit\4.12\junit-4.12.jar;C:\Users\marci\.m2\repository\org\apache\poi\poi-ooxml\3.17\poi-ooxml-3.17.jar;C:\Users\marci\.m2\repository\org\apache\poi\poi\3.17\poi-3.17.jar;C:\Users\marci\.m2\repository\org\apache\commons\commons-collections4\4.1\commons-collections4-4.1.jar;C:\Users\marci\.m2\repository\org\apache\poi\poi-ooxml-schemas\3.17\poi-ooxml-schemas-3.17.jar;C:\Users\marci\.m2\repository\org\apache\xmlbeans\xmlbeans\2.6.0\xmlbeans-2.6.0.jar;C:\Users\marci\.m2\repository\stax\stax-api\1.0.1\stax-api-1.0.1.jar;C:\Users\marci\.m2\repository\com\github\virtuald\curvesapi\1.04\curvesapi-1.04.jar;C:\Users\marci\.m2\repository\com\paulhammant\ngwebdriver\1.1.3\ngwebdriver-1.1.3.jar;C:\Users\marci\.m2\repository\org\sonarsource\scanner\maven\sonar-maven-plugin\3.2\sonar-maven-plugin-3.2.jar;C:\Users\marci\.m2\repository\org\apache\maven\shared\maven-dependency-tree\2.2\maven-dependency-tree-2.2.jar;C:\Users\marci\.m2\repository\org\codehaus\plexus\plexus-component-annotations\1.5.5\plexus-component-annotations-1.5.5.jar;C:\Users\marci\.m2\repository\org\eclipse\aether\aether-util\0.9.0.M2\aether-util-0.9.0.M2.jar;C:\Users\marci\.m2\repository\org\sonatype\plexus\plexus-sec-dispatcher\1.4\plexus-sec-dispatcher-1.4.jar;C:\Users\marci\.m2\repository\org\sonatype\plexus\plexus-cipher\1.4\plexus-cipher-1.4.jar;C:\Users\marci\.m2\repository\org\codehaus\plexus\plexus-utils\3.0.22\plexus-utils-3.0.22.jar;C:\Users\marci\.m2\repository\org\sonarsource\scanner\api\sonar-scanner-api\2.8\sonar-scanner-api-2.8.jar;C:\Users\marci\.m2\repository\commons-lang\commons-lang\2.6\commons-lang-2.6.jar;C:\Users\marci\.m2\repository\com\google\code\findbugs\jsr305\2.0.3\jsr305-2.0.3.jar;C:\Users\marci\.m2\repository\com\sikulix\sikulixapi\1.1.1\sikulixapi-1.1.1.jar;C:\Users\marci\.m2\repository\commons-cli\commons-cli\1.2\commons-cli-1.2.jar;C:\Users\marci\.m2\repository\org\apache\commons\commons-exec\1.3\commons-exec-1.3.jar;C:\Users\marci\.m2\repository\com\melloware\jintellitype\1.3.9\jintellitype-1.3.9.jar;C:\Users\marci\.m2\repository\com\nativelibs4java\bridj\0.7.0\bridj-0.7.0.jar;C:\Users\marci\.m2\repository\com\google\android\tools\dx\1.7\dx-1.7.jar;C:\Users\marci\.m2\repository\com\sikulix\sikulixlibswin\1.1.1\sikulixlibswin-1.1.1.jar;C:\Users\marci\.m2\repository\com\sikulix\sikulix1tigervnc\1.1.1\sikulix1tigervnc-1.1.1.jar;C:\Users\marci\.m2\repository\net\sourceforge\tess4j\tess4j\4.0.2\tess4j-4.0.2.jar;C:\Users\marci\.m2\repository\net\java\dev\jna\jna\4.1.0\jna-4.1.0.jar;C:\Users\marci\.m2\repository\com\github\jai-imageio\jai-imageio-core\1.4.0\jai-imageio-core-1.4.0.jar;C:\Users\marci\.m2\repository\org\ghost4j\ghost4j\1.0.1\ghost4j-1.0.1.jar;C:\Users\marci\.m2\repository\log4j\log4j\1.2.17\log4j-1.2.17.jar;C:\Users\marci\.m2\repository\commons-beanutils\commons-beanutils\1.9.2\commons-beanutils-1.9.2.jar;C:\Users\marci\.m2\repository\org\apache\xmlgraphics\xmlgraphics-commons\1.4\xmlgraphics-commons-1.4.jar;C:\Users\marci\.m2\repository\com\lowagie\itext\2.1.7\itext-2.1.7.jar;C:\Users\marci\.m2\repository\org\apache\pdfbox\pdfbox\2.0.9\pdfbox-2.0.9.jar;C:\Users\marci\.m2\repository\org\apache\pdfbox\fontbox\2.0.9\fontbox-2.0.9.jar;C:\Users\marci\.m2\repository\org\apache\pdfbox\pdfbox-tools\2.0.9\pdfbox-tools-2.0.9.jar;C:\Users\marci\.m2\repository\org\apache\pdfbox\pdfbox-debugger\2.0.9\pdfbox-debugger-2.0.9.jar;C:\Users\marci\.m2\repository\org\apache\pdfbox\jbig2-imageio\3.0.0\jbig2-imageio-3.0.0.jar;C:\Users\marci\.m2\repository\commons-io\commons-io\2.6\commons-io-2.6.jar;C:\Users\marci\.m2\repository\net\sourceforge\lept4j\lept4j\1.9.4\lept4j-1.9.4.jar;C:\Users\marci\.m2\repository\org\jboss\jboss-vfs\3.2.12.Final\jboss-vfs-3.2.12.Final.jar;C:\Users\marci\.m2\repository\org\jboss\logging\jboss-logging\3.1.4.GA\jboss-logging-3.1.4.GA.jar;C:\Users\marci\.m2\repository\ch\qos\logback\logback-classic\1.2.3\logback-classic-1.2.3.jar;C:\Users\marci\.m2\repository\ch\qos\logback\logback-core\1.2.3\logback-core-1.2.3.jar;C:\Users\marci\.m2\repository\org\slf4j\jul-to-slf4j\1.7.25\jul-to-slf4j-1.7.25.jar;C:\Users\marci\.m2\repository\org\slf4j\jcl-over-slf4j\1.7.25\jcl-over-slf4j-1.7.25.jar;C:\Users\marci\.m2\repository\org\slf4j\log4j-over-slf4j\1.7.25\log4j-over-slf4j-1.7.25.jar;C:\Users\marci\.m2\repository\com\aventstack\extentreports\3.1.5\extentreports-3.1.5.jar;C:\Users\marci\.m2\repository\org\freemarker\freemarker\2.3.23\freemarker-2.3.23.jar;C:\Users\marci\.m2\repository\org\mongodb\mongodb-driver\3.3.0\mongodb-driver-3.3.0.jar;C:\Users\marci\.m2\repository\org\mongodb\bson\3.3.0\bson-3.3.0.jar;C:\Users\marci\.m2\repository\org\mongodb\mongodb-driver-core\3.3.0\mongodb-driver-core-3.3.0.jar;C:\Users\marci\.m2\repository\org\apache\httpcomponents\httpclient\4.5.2\httpclient-4.5.2.jar;C:\Users\marci\.m2\repository\org\apache\httpcomponents\httpmime\4.5.2\httpmime-4.5.2.jar;C:\Users\marci\.m2\repository\org\jsoup\jsoup\1.9.2\jsoup-1.9.2.jar;C:\Users\marci\.m2\repository\com\google\code\gson\gson\2.8.0\gson-2.8.0.jar;C:\Users\marci\.m2\repository\org\postgresql\postgresql\42.2.2\postgresql-42.2.2.jar;C:\Users\marci\.m2\repository\mysql\mysql-connector-java\8.0.11\mysql-connector-java-8.0.11.jar;C:\Users\marci\.m2\repository\com\google\protobuf\protobuf-java\2.6.0\protobuf-java-2.6.0.jar;C:\Users\marci\.m2\repository\com\github\2gis\winium\winium-webdriver\0.1.0-1\winium-webdriver-0.1.0-1.jar;C:\Users\marci\.m2\repository\com\github\2gis\winium\winium-elements-desktop\0.2.0-1\winium-elements-desktop-0.2.0-1.jar;C:\Users\marci\.m2\repository\com\github\javafaker\javafaker\0.16\javafaker-0.16.jar;C:\Users\marci\.m2\repository\org\apache\commons\commons-lang3\3.5\commons-lang3-3.5.jar;C:\Users\marci\.m2\repository\org\yaml\snakeyaml\1.20\snakeyaml-1.20-android.jar;C:\Users\marci\.m2\repository\com\github\mifmif\generex\1.0.2\generex-1.0.2.jar;C:\Users\marci\.m2\repository\dk\brics\automaton\automaton\1.11-8\automaton-1.11-8.jar;C:\Users\marci\.m2\repository\io\appium\java-client\6.1.0\java-client-6.1.0.jar;C:\Users\marci\.m2\repository\org\seleniumhq\selenium\selenium-support\3.12.0\selenium-support-3.12.0.jar;C:\Users\marci\.m2\repository\org\seleniumhq\selenium\selenium-api\3.12.0\selenium-api-3.12.0.jar;C:\Users\marci\.m2\repository\cglib\cglib\3.2.6\cglib-3.2.6.jar;C:\Users\marci\.m2\repository\org\ow2\asm\asm\6.0\asm-6.0.jar;C:\Users\marci\.m2\repository\org\apache\ant\ant\1.9.6\ant-1.9.6.jar;C:\Users\marci\.m2\repository\org\apache\ant\ant-launcher\1.9.6\ant-launcher-1.9.6.jar;C:\Users\marci\.m2\repository\commons-validator\commons-validator\1.6\commons-validator-1.6.jar;C:\Users\marci\.m2\repository\commons-digester\commons-digester\1.8.1\commons-digester-1.8.1.jar;C:\Users\marci\.m2\repository\commons-collections\commons-collections\3.2.2\commons-collections-3.2.2.jar;C:\Users\marci\.m2\repository\org\springframework\spring-context\5.0.5.RELEASE\spring-context-5.0.5.RELEASE.jar;C:\Users\marci\.m2\repository\org\springframework\spring-aop\5.0.5.RELEASE\spring-aop-5.0.5.RELEASE.jar;C:\Users\marci\.m2\repository\org\springframework\spring-beans\5.0.5.RELEASE\spring-beans-5.0.5.RELEASE.jar;C:\Users\marci\.m2\repository\org\springframework\spring-core\5.0.5.RELEASE\spring-core-5.0.5.RELEASE.jar;C:\Users\marci\.m2\repository\org\springframework\spring-jcl\5.0.5.RELEASE\spring-jcl-5.0.5.RELEASE.jar;C:\Users\marci\.m2\repository\org\springframework\spring-expression\5.0.5.RELEASE\spring-expression-5.0.5.RELEASE.jar;C:\Users\marci\.m2\repository\org\aspectj\aspectjweaver\1.9.1\aspectjweaver-1.9.1.jar;C:\Users\marci\.m2\repository\org\openpnp\opencv\3.2.0-1\opencv-3.2.0-1.jar;C:\Users\marci\.m2\repository\io\rest-assured\rest-assured\3.1.1\rest-assured-3.1.1.jar;C:\Users\marci\.m2\repository\org\codehaus\groovy\groovy\2.4.12\groovy-2.4.12.jar;C:\Users\marci\.m2\repository\org\codehaus\groovy\groovy-xml\2.4.12\groovy-xml-2.4.12.jar;C:\Users\marci\.m2\repository\org\hamcrest\hamcrest-core\1.3\hamcrest-core-1.3.jar;C:\Users\marci\.m2\repository\org\hamcrest\hamcrest-library\1.3\hamcrest-library-1.3.jar;C:\Users\marci\.m2\repository\org\ccil\cowan\tagsoup\tagsoup\1.2.1\tagsoup-1.2.1.jar;C:\Users\marci\.m2\repository\io\rest-assured\json-path\3.1.1\json-path-3.1.1.jar;C:\Users\marci\.m2\repository\org\codehaus\groovy\groovy-json\2.4.12\groovy-json-2.4.12.jar;C:\Users\marci\.m2\repository\io\rest-assured\rest-assured-common\3.1.1\rest-assured-common-3.1.1.jar;C:\Users\marci\.m2\repository\io\rest-assured\xml-path\3.1.1\xml-path-3.1.1.jar;C:\Users\marci\.m2\repository\javax\xml\bind\jaxb-api\2.2.12\jaxb-api-2.2.12.jar;C:\Users\marci\.m2\repository\io\rest-assured\json-schema-validator\3.1.1\json-schema-validator-3.1.1.jar;C:\Users\marci\.m2\repository\com\github\fge\json-schema-validator\2.2.6\json-schema-validator-2.2.6.jar;C:\Users\marci\.m2\repository\com\googlecode\libphonenumber\libphonenumber\6.2\libphonenumber-6.2.jar;C:\Users\marci\.m2\repository\com\github\fge\json-schema-core\1.2.5\json-schema-core-1.2.5.jar;C:\Users\marci\.m2\repository\org\mozilla\rhino\1.7R4\rhino-1.7R4.jar;C:\Users\marci\.m2\repository\com\github\fge\jackson-coreutils\1.8\jackson-coreutils-1.8.jar;C:\Users\marci\.m2\repository\com\github\fge\msg-simple\1.1\msg-simple-1.1.jar;C:\Users\marci\.m2\repository\com\github\fge\btf\1.2\btf-1.2.jar;C:\Users\marci\.m2\repository\com\github\fge\uri-template\0.9\uri-template-0.9.jar;C:\Users\marci\.m2\repository\net\sf\jopt-simple\jopt-simple\4.6\jopt-simple-4.6.jar;C:\Users\marci\.m2\repository\joda-time\joda-time\2.3\joda-time-2.3.jar;C:\Users\marci\.m2\repository\javax\mail\mailapi\1.4.3\mailapi-1.4.3.jar;C:\Users\marci\.m2\repository\javax\activation\activation\1.1\activation-1.1.jar;C:\Users\marci\.m2\repository\org\testng\testng\6.14.3\testng-6.14.3.jar;C:\Users\marci\.m2\repository\com\beust\jcommander\1.72\jcommander-1.72.jar;C:\Users\marci\.m2\repository\org\apache-extras\beanshell\bsh\2.0b6\bsh-2.0b6.jar;C:\Users\marci\.m2\repository\io\cucumber\cucumber-java\4.2.6\cucumber-java-4.2.6.jar;C:\Users\marci\.m2\repository\io\cucumber\cucumber-core\4.2.6\cucumber-core-4.2.6.jar;C:\Users\marci\.m2\repository\io\cucumber\cucumber-html\0.2.7\cucumber-html-0.2.7.jar;C:\Users\marci\.m2\repository\io\cucumber\gherkin\5.1.0\gherkin-5.1.0.jar;C:\Users\marci\.m2\repository\io\cucumber\tag-expressions\1.1.1\tag-expressions-1.1.1.jar;C:\Users\marci\.m2\repository\io\cucumber\cucumber-expressions\6.2.0\cucumber-expressions-6.2.0.jar;C:\Users\marci\.m2\repository\io\cucumber\datatable\1.1.12\datatable-1.1.12.jar;C:\Users\marci\.m2\repository\io\cucumber\datatable-dependencies\1.1.12\datatable-dependencies-1.1.12.jar;C:\Users\marci\.m2\repository\io\cucumber\cucumber-testng\4.2.6\cucumber-testng-4.2.6.jar;C:\Users\marci\.m2\repository\org\jetbrains\annotations\19.0.0\annotations-19.0.0.jar;C:\Users\marci\.m2\repository\org\apache\maven\maven-model\3.3.9\maven-model-3.3.9.jar;C:\Users\marci\.m2\repository\com\jcraft\jsch\0.1.54\jsch-0.1.54.jar;C:\Users\marci\.m2\repository\commons-net\commons-net\3.6\commons-net-3.6.jar;C:\Users\marci\.m2\repository\org\seleniumhq\selenium\selenium-java\3.12.0\selenium-java-3.12.0.jar;C:\Users\marci\.m2\repository\org\seleniumhq\selenium\selenium-chrome-driver\3.12.0\selenium-chrome-driver-3.12.0.jar;C:\Users\marci\.m2\repository\org\seleniumhq\selenium\selenium-edge-driver\3.12.0\selenium-edge-driver-3.12.0.jar;C:\Users\marci\.m2\repository\org\seleniumhq\selenium\selenium-firefox-driver\3.12.0\selenium-firefox-driver-3.12.0.jar;C:\Users\marci\.m2\repository\org\seleniumhq\selenium\selenium-ie-driver\3.12.0\selenium-ie-driver-3.12.0.jar;C:\Users\marci\.m2\repository\org\seleniumhq\selenium\selenium-opera-driver\3.12.0\selenium-opera-driver-3.12.0.jar;C:\Users\marci\.m2\repository\org\seleniumhq\selenium\selenium-remote-driver\3.12.0\selenium-remote-driver-3.12.0.jar;C:\Users\marci\.m2\repository\org\seleniumhq\selenium\selenium-safari-driver\3.12.0\selenium-safari-driver-3.12.0.jar;C:\Users\marci\.m2\repository\net\bytebuddy\byte-buddy\1.8.3\byte-buddy-1.8.3.jar;C:\Users\marci\.m2\repository\commons-codec\commons-codec\1.10\commons-codec-1.10.jar;C:\Users\marci\.m2\repository\commons-logging\commons-logging\1.2\commons-logging-1.2.jar;C:\Users\marci\.m2\repository\com\google\guava\guava\23.6-jre\guava-23.6-jre.jar;C:\Users\marci\.m2\repository\org\checkerframework\checker-compat-qual\2.0.0\checker-compat-qual-2.0.0.jar;C:\Users\marci\.m2\repository\com\google\errorprone\error_prone_annotations\2.1.3\error_prone_annotations-2.1.3.jar;C:\Users\marci\.m2\repository\com\google\j2objc\j2objc-annotations\1.1\j2objc-annotations-1.1.jar;C:\Users\marci\.m2\repository\org\codehaus\mojo\animal-sniffer-annotations\1.14\animal-sniffer-annotations-1.14.jar;C:\Users\marci\.m2\repository\org\apache\httpcomponents\httpcore\4.4.6\httpcore-4.4.6.jar;C:\Users\marci\.m2\repository\com\squareup\okhttp3\okhttp\3.9.1\okhttp-3.9.1.jar;C:\Users\marci\.m2\repository\com\squareup\okio\okio\1.13.0\okio-1.13.0.jar;C:\Users\marci\.m2\repository\io\github\bonigarcia\webdrivermanager\3.6.0\webdrivermanager-3.6.0.jar;C:\Users\marci\.m2\repository\org\slf4j\slf4j-api\1.7.25\slf4j-api-1.7.25.jar;C:\Users\marci\.m2\repository\org\rauschig\jarchivelib\1.0.0\jarchivelib-1.0.0.jar;C:\Users\marci\.m2\repository\org\apache\commons\commons-compress\1.18\commons-compress-1.18.jar;C:\Users\marci\.m2\repository\io\cucumber\cucumber-picocontainer\4.2.6\cucumber-picocontainer-4.2.6.jar;C:\Users\marci\.m2\repository\org\picocontainer\picocontainer\2.15\picocontainer-2.15.jar;"/>
    <property name="sun.cpu.endian" value="little"/>
    <property name="user.home" value="C:\Users\marci"/>
    <property name="user.language" value="pt"/>
    <property name="java.specification.vendor" value="Oracle Corporation"/>
    <property name="java.home" value="C:\Program Files\Java\jdk1.8.0_231\jre"/>
    <property name="basedir" value="C:\AutomacaoPOC"/>
    <property name="file.separator" value="\"/>
    <property name="line.separator" value="&#10;"/>
    <property name="java.vm.specification.vendor" value="Oracle Corporation"/>
    <property name="java.specification.name" value="Java Platform API Specification"/>
    <property name="java.awt.graphicsenv" value="sun.awt.Win32GraphicsEnvironment"/>
    <property name="surefire.real.class.path" value="C:\Users\marci\AppData\Local\Temp\surefire6470735671645311265\surefirebooter8165937462805287148.jar"/>
    <property name="sun.boot.class.path" value="C:\Program Files\Java\jdk1.8.0_231\jre\lib\resources.jar;C:\Program Files\Java\jdk1.8.0_231\jre\lib\rt.jar;C:\Program Files\Java\jdk1.8.0_231\jre\lib\sunrsasign.jar;C:\Program Files\Java\jdk1.8.0_231\jre\lib\jsse.jar;C:\Program Files\Java\jdk1.8.0_231\jre\lib\jce.jar;C:\Program Files\Java\jdk1.8.0_231\jre\lib\charsets.jar;C:\Program Files\Java\jdk1.8.0_231\jre\lib\jfr.jar;C:\Program Files\Java\jdk1.8.0_231\jre\classes"/>
    <property name="user.script" value=""/>
    <property name="sun.management.compiler" value="HotSpot 64-Bit Tiered Compilers"/>
    <property name="java.runtime.version" value="1.8.0_231-b11"/>
    <property name="user.name" value="marci"/>
    <property name="path.separator" value=";"/>
    <property name="os.version" value="10.0"/>
    <property name="java.endorsed.dirs" value="C:\Program Files\Java\jdk1.8.0_231\jre\lib\endorsed"/>
    <property name="java.runtime.name" value="Java(TM) SE Runtime Environment"/>
    <property name="file.encoding" value="Cp1252"/>
    <property name="browser" value="chrome"/>
    <property name="java.vm.name" value="Java HotSpot(TM) 64-Bit Server VM"/>
    <property name="localRepository" value="C:\Users\marci\.m2\repository"/>
    <property name="java.vendor.url.bug" value="http://bugreport.sun.com/bugreport/"/>
    <property name="java.io.tmpdir" value="C:\Users\marci\AppData\Local\Temp\"/>
    <property name="java.version" value="1.8.0_231"/>
    <property name="user.dir" value="C:\AutomacaoPOC"/>
    <property name="os.arch" value="amd64"/>
    <property name="java.vm.specification.name" value="Java Virtual Machine Specification"/>
    <property name="java.awt.printerjob" value="sun.awt.windows.WPrinterJob"/>
    <property name="url" value=""/>
    <property name="sun.os.patch.level" value=""/>
    <property name="java.library.path" value="C:\Program Files\Java\jdk1.8.0_231\jre\bin;C:\WINDOWS\Sun\Java\bin;C:\WINDOWS\system32;C:\WINDOWS;C:\Program Files (x86)\Common Files\Oracle\Java\javapath;C:\Program Files (x86)\NVIDIA Corporation\PhysX\Common;C:\Ruby25-x64\bin;C:\Program Files (x86)\Intel\iCLS Client\;C:\Program Files\Intel\iCLS Client\;C:\WINDOWS\system32;C:\WINDOWS;C:\WINDOWS\System32\Wbem;C:\WINDOWS\System32\WindowsPowerShell\v1.0\;C:\WINDOWS\System32\OpenSSH\;C:\Program Files (x86)\Intel\Intel(R) Management Engine Components\DAL;C:\Program Files\Intel\Intel(R) Management Engine Components\DAL;C:\Program Files (x86)\Intel\Intel(R) Management Engine Components\IPT;C:\Program Files\Intel\Intel(R) Management Engine Components\IPT;C:\Program Files\Java\jdk1.8.0_231\bin;C:\maven\bin;C:\flutter\flutter\bin;."/>
    <property name="java.vm.info" value="mixed mode"/>
    <property name="java.vendor" value="Oracle Corporation"/>
    <property name="java.vm.version" value="25.231-b11"/>
    <property name="java.ext.dirs" value="C:\Program Files\Java\jdk1.8.0_231\jre\lib\ext;C:\WINDOWS\Sun\Java\lib\ext"/>
    <property name="sun.io.unicode.encoding" value="UnicodeLittle"/>
    <property name="java.class.version" value="52.0"/>
  </properties>
  <testcase name="runScenario" classname="runner.Runner" time="0.225">
    <failure type="java.lang.NullPointerException">java.lang.NullPointerException
</failure>
  </testcase>
</testsuite>